<?xml version="1.0" encoding="utf-8"?><testsuites name="pytest tests"><testsuite name="pytest" errors="0" failures="0" skipped="0" tests="17" time="4.379" timestamp="2026-04-16T17:39:51.587544+00:00" hostname="agent-env-b4f82a7c-144b-4e89-93bc-7346608334ec"><testcase classname="backend.tests.test_phase3_features.TestCategories" name="test_categories_only_valorant_and_lol" time="0.255" /><testcase classname="backend.tests.test_phase3_features.TestCommissionMarkup" name="test_valorant_commission_applied" time="0.257" /><testcase classname="backend.tests.test_phase3_features.TestCommissionMarkup" name="test_lol_commission_applied" time="0.236" /><testcase classname="backend.tests.test_phase3_features.TestDefaultRegion" name="test_default_region_returned" time="0.264" /><testcase classname="backend.tests.test_phase3_features.TestValorantSkins" name="test_skins_endpoint_returns_data" time="0.339" /><testcase classname="backend.tests.test_phase3_features.TestAdvancedFilters" name="test_rank_range_filter" time="0.293" /><testcase classname="backend.tests.test_phase3_features.TestAdvancedFilters" name="test_min_skins_filter" time="0.258" /><testcase classname="backend.tests.test_phase3_features.TestAdvancedFilters" name="test_knife_filter" time="0.246" /><testcase classname="backend.tests.test_phase3_features.TestAuthEndpoints" name="test_admin_settings_requires_auth" time="0.162" /><testcase classname="backend.tests.test_phase3_features.TestAuthEndpoints" name="test_favorites_requires_auth" time="0.140" /><testcase classname="backend.tests.test_phase3_features.TestAuthEndpoints" name="test_favorites_add_requires_auth" time="0.150" /><testcase classname="backend.tests.test_phase3_features.TestAuthEndpoints" name="test_favorites_delete_requires_auth" time="0.164" /><testcase classname="backend.tests.test_phase3_features.TestAuthEndpoints" name="test_favorites_sync_requires_auth" time="0.135" /><testcase classname="backend.tests.test_phase3_features.TestAuthEndpoints" name="test_auth_me_requires_auth" time="0.163" /><testcase classname="backend.tests.test_phase3_features.TestMarketItemDetails" name="test_item_details_with_commission" time="0.422" /><testcase classname="backend.tests.test_phase3_features.TestPagination" name="test_pagination_works" time="0.480" /><testcase classname="backend.tests.test_phase3_features.TestHealthCheck" name="test_api_health" time="0.175" /></testsuite></testsuites>