<?xml version="1.0" encoding="utf-8"?><testsuites name="pytest tests"><testsuite name="pytest" errors="0" failures="0" skipped="0" tests="29" time="6.911" timestamp="2026-04-17T09:29:51.931396+00:00" hostname="agent-env-a1d0843a-aa08-4889-97cf-8238220feabd"><testcase classname="backend.tests.test_game_vault_api.TestHealthEndpoint" name="test_health_endpoint_returns_200" time="0.205" /><testcase classname="backend.tests.test_game_vault_api.TestValorantAgentsEndpoint" name="test_agents_endpoint_returns_200" time="0.107" /><testcase classname="backend.tests.test_game_vault_api.TestValorantAgentsEndpoint" name="test_agents_have_required_fields" time="0.122" /><testcase classname="backend.tests.test_game_vault_api.TestValorantAgentsEndpoint" name="test_agents_have_background_gradient_colors" time="0.101" /><testcase classname="backend.tests.test_game_vault_api.TestValorantSkinsEndpoint" name="test_skins_endpoint_returns_200" time="0.187" /><testcase classname="backend.tests.test_game_vault_api.TestValorantSkinsEndpoint" name="test_skins_have_required_fields" time="0.209" /><testcase classname="backend.tests.test_game_vault_api.TestLolChampionsEndpoint" name="test_champions_endpoint_returns_200" time="0.154" /><testcase classname="backend.tests.test_game_vault_api.TestLolChampionsEndpoint" name="test_champions_have_required_fields" time="0.148" /><testcase classname="backend.tests.test_game_vault_api.TestProfilesEndpoint" name="test_profiles_endpoint_returns_200" time="0.129" /><testcase classname="backend.tests.test_game_vault_api.TestProfilesEndpoint" name="test_profiles_returns_list" time="0.097" /><testcase classname="backend.tests.test_game_vault_api.TestAuthMeWithoutSession" name="test_auth_me_without_session_returns_401" time="0.094" /><testcase classname="backend.tests.test_game_vault_api.TestAuthLogoutWithoutSession" name="test_logout_without_session_succeeds" time="0.102" /><testcase classname="backend.tests.test_game_vault_api.TestAdminSettingsWithoutSession" name="test_admin_settings_without_session_returns_401" time="0.099" /><testcase classname="backend.tests.test_game_vault_api.TestCreateProfileWithoutAdmin" name="test_create_profile_without_auth_returns_401" time="0.108" /><testcase classname="backend.tests.test_game_vault_api.TestMarketSearchValorant" name="test_market_search_valorant" time="1.739" /><testcase classname="backend.tests.test_game_vault_api.TestMarketSearchInvalidCategory" name="test_market_search_invalid_category_returns_400" time="0.098" /><testcase classname="backend.tests.test_game_vault_api.TestFavoritesWithoutAuth" name="test_favorites_without_auth_returns_401" time="0.101" /><testcase classname="backend.tests.test_game_vault_api.TestMarketSearchLol" name="test_market_search_lol" time="1.437" /><testcase classname="backend.tests.test_game_vault_api.TestLiveStatsEndpoint" name="test_live_stats_returns_200" time="0.160" /><testcase classname="backend.tests.test_game_vault_api.TestLiveStatsEndpoint" name="test_live_stats_has_required_structure" time="0.139" /><testcase classname="backend.tests.test_game_vault_api.TestFeaturedEndpoint" name="test_featured_valorant_returns_200" time="0.163" /><testcase classname="backend.tests.test_game_vault_api.TestFeaturedEndpoint" name="test_featured_valorant_has_items_with_prices" time="0.143" /><testcase classname="backend.tests.test_game_vault_api.TestFeaturedEndpoint" name="test_featured_lol_returns_200" time="0.118" /><testcase classname="backend.tests.test_game_vault_api.TestFeaturedEndpoint" name="test_featured_invalid_category_returns_400" time="0.106" /><testcase classname="backend.tests.test_game_vault_api.TestLolSkinsAllEndpoint" name="test_lol_skins_all_returns_200" time="0.165" /><testcase classname="backend.tests.test_game_vault_api.TestLolSkinsAllEndpoint" name="test_lol_skins_all_has_skins_map" time="0.131" /><testcase classname="backend.tests.test_game_vault_api.TestAdminAnalyticsWithoutAuth" name="test_admin_analytics_without_auth_returns_401" time="0.114" /><testcase classname="backend.tests.test_game_vault_api.TestAdminCacheClearWithoutAuth" name="test_admin_cache_clear_without_auth_returns_401" time="0.104" /><testcase classname="backend.tests.test_game_vault_api.TestMarketSearchValorantFields" name="test_market_search_valorant_has_vp_rp_skin_fields" time="0.148" /></testsuite></testsuites>