<?xml version="1.0" encoding="utf-8"?><testsuites name="pytest tests"><testsuite name="pytest" errors="0" failures="0" skipped="0" tests="19" time="12.017" timestamp="2026-04-16T19:29:27.816940+00:00" hostname="agent-env-b4f82a7c-144b-4e89-93bc-7346608334ec"><testcase classname="backend.tests.test_profiles_api.TestProfilesPublicEndpoint" name="test_get_profiles_no_auth_required" time="0.248" /><testcase classname="backend.tests.test_profiles_api.TestProfilesPublicEndpoint" name="test_profiles_have_required_fields" time="0.183" /><testcase classname="backend.tests.test_profiles_api.TestProfilesAdminAuth" name="test_create_profile_requires_auth" time="0.157" /><testcase classname="backend.tests.test_profiles_api.TestProfilesAdminAuth" name="test_update_profile_requires_auth" time="0.208" /><testcase classname="backend.tests.test_profiles_api.TestProfilesAdminAuth" name="test_delete_profile_requires_auth" time="0.175" /><testcase classname="backend.tests.test_profiles_api.TestProfileCRUD" name="test_create_profile_success" time="0.281" /><testcase classname="backend.tests.test_profiles_api.TestProfileCRUD" name="test_create_profile_validation" time="0.325" /><testcase classname="backend.tests.test_profiles_api.TestProfileCRUD" name="test_update_profile" time="0.392" /><testcase classname="backend.tests.test_profiles_api.TestProfileCRUD" name="test_delete_profile" time="0.311" /><testcase classname="backend.tests.test_profiles_api.TestProfileCRUD" name="test_delete_nonexistent_profile" time="0.169" /><testcase classname="backend.tests.test_profiles_api.TestMarketProfileEndpoint" name="test_fetch_by_profile_success" time="2.156" /><testcase classname="backend.tests.test_profiles_api.TestMarketProfileEndpoint" name="test_fetch_by_profile_with_pagination" time="1.886" /><testcase classname="backend.tests.test_profiles_api.TestMarketProfileEndpoint" name="test_fetch_by_nonexistent_profile" time="0.148" /><testcase classname="backend.tests.test_profiles_api.TestURLParsing" name="test_parse_array_params" time="0.224" /><testcase classname="backend.tests.test_profiles_api.TestURLParsing" name="test_parse_price_params" time="0.215" /><testcase classname="backend.tests.test_profiles_api.TestExistingEndpoints" name="test_health_check" time="0.173" /><testcase classname="backend.tests.test_profiles_api.TestExistingEndpoints" name="test_market_search_valorant" time="1.377" /><testcase classname="backend.tests.test_profiles_api.TestExistingEndpoints" name="test_market_search_lol" time="2.363" /><testcase classname="backend.tests.test_profiles_api.TestExistingEndpoints" name="test_valorant_skins" time="0.356" /></testsuite></testsuites>