<?xml version="1.0" encoding="utf-8"?><testsuites name="pytest tests"><testsuite name="pytest" errors="0" failures="0" skipped="0" tests="30" time="14.771" timestamp="2026-04-19T07:12:13.920823+00:00" hostname="agent-env-a1d0843a-aa08-4889-97cf-8238220feabd"><testcase classname="backend.tests.test_dashboard_features.TestUnauthenticatedAccess" name="test_orders_post_without_auth_returns_401" time="0.222" /><testcase classname="backend.tests.test_dashboard_features.TestUnauthenticatedAccess" name="test_orders_get_without_auth_returns_401" time="0.154" /><testcase classname="backend.tests.test_dashboard_features.TestUnauthenticatedAccess" name="test_wallet_without_auth_returns_401" time="0.144" /><testcase classname="backend.tests.test_dashboard_features.TestUnauthenticatedAccess" name="test_tickets_post_without_auth_returns_401" time="0.143" /><testcase classname="backend.tests.test_dashboard_features.TestUnauthenticatedAccess" name="test_tickets_get_without_auth_returns_401" time="0.140" /><testcase classname="backend.tests.test_dashboard_features.TestUnauthenticatedAccess" name="test_admin_tickets_without_auth_returns_401" time="0.109" /><testcase classname="backend.tests.test_dashboard_features.TestWebhookSecurity" name="test_webhook_without_secret_returns_403" time="0.145" /><testcase classname="backend.tests.test_dashboard_features.TestWebhookSecurity" name="test_webhook_with_wrong_secret_returns_403" time="0.139" /><testcase classname="backend.tests.test_dashboard_features.TestWebhookSecurity" name="test_webhook_with_correct_secret_no_ticket_id" time="0.125" /><testcase classname="backend.tests.test_dashboard_features.TestWebhookSecurity" name="test_webhook_with_correct_secret_nonexistent_ticket" time="0.138" /><testcase classname="backend.tests.test_dashboard_features.TestWebhookSecurity" name="test_webhook_with_no_text" time="0.110" /><testcase classname="backend.tests.test_dashboard_features.TestExistingEndpoints" name="test_auth_me_returns_401" time="0.108" /><testcase classname="backend.tests.test_dashboard_features.TestExistingEndpoints" name="test_market_search_valorant_works" time="5.292" /><testcase classname="backend.tests.test_dashboard_features.TestExistingEndpoints" name="test_stats_live_works" time="0.139" /><testcase classname="backend.tests.test_dashboard_features.TestAuthenticatedFlows" name="test_wallet_returns_balance_and_transactions" time="0.195" /><testcase classname="backend.tests.test_dashboard_features.TestAuthenticatedFlows" name="test_create_order_with_auth" time="5.778" /><testcase classname="backend.tests.test_dashboard_features.TestAuthenticatedFlows" name="test_list_orders_excludes_credentials" time="0.114" /><testcase classname="backend.tests.test_dashboard_features.TestAuthenticatedFlows" name="test_reveal_credentials" time="0.108" /><testcase classname="backend.tests.test_dashboard_features.TestAuthenticatedFlows" name="test_reveal_another_users_order_returns_404" time="0.108" /><testcase classname="backend.tests.test_dashboard_features.TestAuthenticatedFlows" name="test_create_ticket" time="0.107" /><testcase classname="backend.tests.test_dashboard_features.TestAuthenticatedFlows" name="test_list_tickets" time="0.104" /><testcase classname="backend.tests.test_dashboard_features.TestAuthenticatedFlows" name="test_get_ticket_full_thread" time="0.111" /><testcase classname="backend.tests.test_dashboard_features.TestAuthenticatedFlows" name="test_reply_to_ticket" time="0.123" /><testcase classname="backend.tests.test_dashboard_features.TestAuthenticatedFlows" name="test_poll_ticket" time="0.106" /><testcase classname="backend.tests.test_dashboard_features.TestAuthenticatedFlows" name="test_admin_list_tickets" time="0.109" /><testcase classname="backend.tests.test_dashboard_features.TestAuthenticatedFlows" name="test_admin_reply_without_admin_returns_401_or_403" time="0.111" /><testcase classname="backend.tests.test_dashboard_features.TestAuthenticatedFlows" name="test_admin_reply_to_ticket" time="0.106" /><testcase classname="backend.tests.test_dashboard_features.TestAuthenticatedFlows" name="test_webhook_with_valid_ticket" time="0.107" /><testcase classname="backend.tests.test_dashboard_features.TestAuthenticatedFlows" name="test_webhook_colon_format" time="0.104" /><testcase classname="backend.tests.test_dashboard_features.TestAuthenticatedFlows" name="test_verify_webhook_messages_in_ticket" time="0.109" /></testsuite></testsuites>