<?xml version="1.0" encoding="utf-8"?><testsuites name="pytest tests"><testsuite name="pytest" errors="0" failures="0" skipped="0" tests="16" time="6.144" timestamp="2026-04-17T10:20:16.776020+00:00" hostname="agent-env-a1d0843a-aa08-4889-97cf-8238220feabd"><testcase classname="backend.tests.test_filter_functionality.TestRegionFilterEU" name="test_eu_region_filter_returns_200" time="0.179" /><testcase classname="backend.tests.test_filter_functionality.TestRegionFilterEU" name="test_eu_region_filter_returns_filtered_results" time="0.148" /><testcase classname="backend.tests.test_filter_functionality.TestRegionFilterNA" name="test_na_region_filter_returns_200" time="0.158" /><testcase classname="backend.tests.test_filter_functionality.TestRegionFilterNA" name="test_na_region_filter_returns_filtered_results" time="0.147" /><testcase classname="backend.tests.test_filter_functionality.TestMultiValueArrayParams" name="test_multi_region_filter_returns_200" time="0.153" /><testcase classname="backend.tests.test_filter_functionality.TestMultiValueArrayParams" name="test_multi_region_filter_returns_combined_results" time="0.157" /><testcase classname="backend.tests.test_filter_functionality.TestComplexFilterChain" name="test_complex_filter_returns_200" time="0.172" /><testcase classname="backend.tests.test_filter_functionality.TestComplexFilterChain" name="test_complex_filter_returns_reasonable_count" time="0.171" /><testcase classname="backend.tests.test_filter_functionality.TestTitleKeywordFilter" name="test_title_filter_returns_200" time="0.156" /><testcase classname="backend.tests.test_filter_functionality.TestTitleKeywordFilter" name="test_title_filter_returns_relevant_results" time="0.163" /><testcase classname="backend.tests.test_filter_functionality.TestExistingEndpointsIntact" name="test_stats_live_still_works" time="0.107" /><testcase classname="backend.tests.test_filter_functionality.TestExistingEndpointsIntact" name="test_featured_valorant_still_works" time="0.128" /><testcase classname="backend.tests.test_filter_functionality.TestExistingEndpointsIntact" name="test_auth_me_still_returns_401" time="0.144" /><testcase classname="backend.tests.test_filter_functionality.TestExistingEndpointsIntact" name="test_admin_analytics_still_returns_401" time="0.099" /><testcase classname="backend.tests.test_filter_functionality.TestUnfilteredBaseline" name="test_unfiltered_search_returns_all_items" time="0.138" /><testcase classname="backend.tests.test_filter_functionality.TestCacheBusting" name="test_unique_params_bypass_cache" time="3.849" /></testsuite></testsuites>