<?xml version="1.0" encoding="utf-8"?><testsuites name="pytest tests"><testsuite name="pytest" errors="0" failures="0" skipped="0" tests="17" time="3.742" timestamp="2026-04-17T08:56:34.772772+00:00" hostname="agent-env-a1d0843a-aa08-4889-97cf-8238220feabd"><testcase classname="backend.tests.test_game_vault_api.TestHealthEndpoint" name="test_health_endpoint_returns_200" time="0.236" /><testcase classname="backend.tests.test_game_vault_api.TestValorantAgentsEndpoint" name="test_agents_endpoint_returns_200" time="0.143" /><testcase classname="backend.tests.test_game_vault_api.TestValorantAgentsEndpoint" name="test_agents_have_required_fields" time="0.133" /><testcase classname="backend.tests.test_game_vault_api.TestValorantSkinsEndpoint" name="test_skins_endpoint_returns_200" time="0.491" /><testcase classname="backend.tests.test_game_vault_api.TestValorantSkinsEndpoint" name="test_skins_have_required_fields" time="0.201" /><testcase classname="backend.tests.test_game_vault_api.TestLolChampionsEndpoint" name="test_champions_endpoint_returns_200" time="0.288" /><testcase classname="backend.tests.test_game_vault_api.TestLolChampionsEndpoint" name="test_champions_have_required_fields" time="0.108" /><testcase classname="backend.tests.test_game_vault_api.TestProfilesEndpoint" name="test_profiles_endpoint_returns_200" time="0.144" /><testcase classname="backend.tests.test_game_vault_api.TestProfilesEndpoint" name="test_profiles_returns_list" time="0.107" /><testcase classname="backend.tests.test_game_vault_api.TestAuthMeWithoutSession" name="test_auth_me_without_session_returns_401" time="0.160" /><testcase classname="backend.tests.test_game_vault_api.TestAuthLogoutWithoutSession" name="test_logout_without_session_succeeds" time="0.135" /><testcase classname="backend.tests.test_game_vault_api.TestAdminSettingsWithoutSession" name="test_admin_settings_without_session_returns_401" time="0.108" /><testcase classname="backend.tests.test_game_vault_api.TestCreateProfileWithoutAdmin" name="test_create_profile_without_auth_returns_401" time="0.112" /><testcase classname="backend.tests.test_game_vault_api.TestMarketSearchValorant" name="test_market_search_valorant" time="0.623" /><testcase classname="backend.tests.test_game_vault_api.TestMarketSearchInvalidCategory" name="test_market_search_invalid_category_returns_400" time="0.130" /><testcase classname="backend.tests.test_game_vault_api.TestFavoritesWithoutAuth" name="test_favorites_without_auth_returns_401" time="0.144" /><testcase classname="backend.tests.test_game_vault_api.TestMarketSearchLol" name="test_market_search_lol" time="0.335" /></testsuite></testsuites>