<?xml version="1.0" encoding="utf-8"?><testsuites name="pytest tests"><testsuite name="pytest" errors="0" failures="0" skipped="0" tests="15" time="11.541" timestamp="2026-04-16T17:59:49.337880+00:00" hostname="agent-env-b4f82a7c-144b-4e89-93bc-7346608334ec"><testcase classname="backend.tests.test_admin_fetch_settings.TestFetchSettingsAuth" name="test_get_fetch_settings_returns_401_without_auth" time="0.619" /><testcase classname="backend.tests.test_admin_fetch_settings.TestFetchSettingsAuth" name="test_put_fetch_settings_returns_401_without_auth" time="0.335" /><testcase classname="backend.tests.test_admin_fetch_settings.TestFetchSettingsWithAdmin" name="test_get_fetch_settings_returns_default_settings" time="0.506" /><testcase classname="backend.tests.test_admin_fetch_settings.TestFetchSettingsWithAdmin" name="test_put_fetch_settings_saves_general_settings" time="0.539" /><testcase classname="backend.tests.test_admin_fetch_settings.TestFetchSettingsWithAdmin" name="test_put_fetch_settings_saves_valorant_settings" time="0.401" /><testcase classname="backend.tests.test_admin_fetch_settings.TestFetchSettingsWithAdmin" name="test_put_fetch_settings_saves_lol_settings" time="0.389" /><testcase classname="backend.tests.test_admin_fetch_settings.TestFetchSettingsWithAdmin" name="test_settings_persist_after_reload" time="0.532" /><testcase classname="backend.tests.test_admin_fetch_settings.TestFetchSettingsWithAdmin" name="test_partial_update_preserves_other_sections" time="0.583" /><testcase classname="backend.tests.test_admin_fetch_settings.TestFetchSettingsNonAdmin" name="test_get_fetch_settings_returns_403_for_non_admin" time="0.385" /><testcase classname="backend.tests.test_admin_fetch_settings.TestAdminDashboardLink" name="test_admin_settings_endpoint_works" time="0.515" /><testcase classname="backend.tests.test_admin_fetch_settings.TestMarketplaceStillWorks" name="test_market_search_valorant" time="2.345" /><testcase classname="backend.tests.test_admin_fetch_settings.TestMarketplaceStillWorks" name="test_market_search_lol" time="1.665" /><testcase classname="backend.tests.test_admin_fetch_settings.TestMarketplaceStillWorks" name="test_valorant_skins_endpoint" time="0.600" /><testcase classname="backend.tests.test_admin_fetch_settings.TestMarketplaceStillWorks" name="test_api_health" time="0.387" /><testcase classname="backend.tests.test_admin_fetch_settings.TestCleanup" name="test_reset_fetch_settings_to_defaults" time="0.357" /></testsuite></testsuites>