<?xml version="1.0" encoding="utf-8"?><testsuites name="pytest tests"><testsuite name="pytest" errors="0" failures="0" skipped="0" tests="18" time="13.980" timestamp="2026-04-16T16:54:17.184712+00:00" hostname="agent-env-b4f82a7c-144b-4e89-93bc-7346608334ec"><testcase classname="backend.tests.test_lzt_market_api.TestHealthAndCategories" name="test_api_root_health" time="0.300" /><testcase classname="backend.tests.test_lzt_market_api.TestHealthAndCategories" name="test_categories_endpoint" time="0.168" /><testcase classname="backend.tests.test_lzt_market_api.TestMarketSearchEndpoints" name="test_riot_search_returns_items" time="2.323" /><testcase classname="backend.tests.test_lzt_market_api.TestMarketSearchEndpoints" name="test_steam_search_returns_items" time="1.301" /><testcase classname="backend.tests.test_lzt_market_api.TestMarketSearchEndpoints" name="test_fortnite_search_returns_items" time="2.348" /><testcase classname="backend.tests.test_lzt_market_api.TestMarketSearchEndpoints" name="test_mihoyo_search_returns_items" time="0.999" /><testcase classname="backend.tests.test_lzt_market_api.TestMarketSearchEndpoints" name="test_all_category_search" time="0.259" /><testcase classname="backend.tests.test_lzt_market_api.TestMarketSearchEndpoints" name="test_invalid_category_returns_400" time="0.183" /><testcase classname="backend.tests.test_lzt_market_api.TestMarketItemEndpoint" name="test_get_single_item_details" time="0.514" /><testcase classname="backend.tests.test_lzt_market_api.TestSearchFilters" name="test_price_filter" time="0.303" /><testcase classname="backend.tests.test_lzt_market_api.TestSearchFilters" name="test_sort_by_newest" time="0.272" /><testcase classname="backend.tests.test_lzt_market_api.TestSearchFilters" name="test_sort_by_price_asc" time="0.232" /><testcase classname="backend.tests.test_lzt_market_api.TestSearchFilters" name="test_currency_parameter" time="0.659" /><testcase classname="backend.tests.test_lzt_market_api.TestSearchFilters" name="test_title_search" time="0.242" /><testcase classname="backend.tests.test_lzt_market_api.TestCaching" name="test_cache_improves_response_time" time="2.224" /><testcase classname="backend.tests.test_lzt_market_api.TestAuthEndpoints" name="test_auth_me_returns_401_when_not_authenticated" time="0.176" /><testcase classname="backend.tests.test_lzt_market_api.TestAuthEndpoints" name="test_logout_endpoint_works" time="0.188" /><testcase classname="backend.tests.test_lzt_market_api.TestRiotAccountData" name="test_riot_account_has_valorant_fields" time="0.280" /></testsuite></testsuites>