<?xml version="1.0" encoding="utf-8"?><testsuites name="pytest tests"><testsuite name="pytest" errors="0" failures="0" skipped="0" tests="14" time="7.275" timestamp="2026-04-16T20:03:09.046596+00:00" hostname="agent-env-b4f82a7c-144b-4e89-93bc-7346608334ec"><testcase classname="backend.tests.test_phase6_features.TestValorantAgentsEndpoint" name="test_agents_endpoint_returns_200" time="0.229" /><testcase classname="backend.tests.test_phase6_features.TestValorantAgentsEndpoint" name="test_agents_have_required_fields" time="0.190" /><testcase classname="backend.tests.test_phase6_features.TestLolChampionsEndpoint" name="test_champions_endpoint_returns_200" time="0.168" /><testcase classname="backend.tests.test_phase6_features.TestLolChampionsEndpoint" name="test_champions_have_required_fields" time="0.178" /><testcase classname="backend.tests.test_phase6_features.TestCommissionPricing" name="test_market_items_have_compare_price" time="0.240" /><testcase classname="backend.tests.test_phase6_features.TestCommissionPricing" name="test_market_items_no_original_price" time="0.244" /><testcase classname="backend.tests.test_phase6_features.TestCommissionPricing" name="test_lol_market_pricing" time="2.682" /><testcase classname="backend.tests.test_phase6_features.TestAdminBaseUrls" name="test_admin_settings_can_save_base_urls" time="1.977" /><testcase classname="backend.tests.test_phase6_features.TestAdminBaseUrls" name="test_admin_settings_returns_base_urls" time="0.150" /><testcase classname="backend.tests.test_phase6_features.TestAdminBaseUrls" name="test_admin_settings_without_auth_returns_401" time="0.149" /><testcase classname="backend.tests.test_phase6_features.TestMarketSearchWithBaseUrl" name="test_market_search_still_works" time="0.229" /><testcase classname="backend.tests.test_phase6_features.TestNoLztMentions" name="test_market_response_no_lzt_url" time="0.221" /><testcase classname="backend.tests.test_phase6_features.TestHealthAndBasicEndpoints" name="test_api_health" time="0.152" /><testcase classname="backend.tests.test_phase6_features.TestHealthAndBasicEndpoints" name="test_profiles_endpoint" time="0.148" /></testsuite></testsuites>